  activities.cpp
c:\users\linda\source\repos\weather-data\projektarbetealgoritmerdatastrukturer\projektarbetealgoritmerdatastrukturer\activities.cpp(84): warning C4267: '=': conversion from 'size_t' to 'int', possible loss of data
c:\users\linda\source\repos\weather-data\projektarbetealgoritmerdatastrukturer\projektarbetealgoritmerdatastrukturer\activities.cpp(85): warning C4267: '=': conversion from 'size_t' to 'int', possible loss of data
c:\users\linda\source\repos\weather-data\projektarbetealgoritmerdatastrukturer\projektarbetealgoritmerdatastrukturer\activities.cpp(469): warning C4267: 'initializing': conversion from 'size_t' to 'int', possible loss of data
c:\users\linda\source\repos\weather-data\projektarbetealgoritmerdatastrukturer\projektarbetealgoritmerdatastrukturer\activities.cpp(508): warning C4267: 'initializing': conversion from 'size_t' to 'int', possible loss of data
c:\users\linda\source\repos\weather-data\projektarbetealgoritmerdatastrukturer\projektarbetealgoritmerdatastrukturer\activities.cpp(557): warning C4267: '=': conversion from 'size_t' to 'int', possible loss of data
c:\users\linda\source\repos\weather-data\projektarbetealgoritmerdatastrukturer\projektarbetealgoritmerdatastrukturer\activities.cpp(577): warning C4267: '=': conversion from 'size_t' to 'int', possible loss of data
c:\users\linda\source\repos\weather-data\projektarbetealgoritmerdatastrukturer\projektarbetealgoritmerdatastrukturer\activities.cpp(598): warning C4267: '=': conversion from 'size_t' to 'int', possible loss of data
c:\users\linda\source\repos\weather-data\projektarbetealgoritmerdatastrukturer\projektarbetealgoritmerdatastrukturer\activities.cpp(617): warning C4244: '=': conversion from 'double' to 'float', possible loss of data
c:\users\linda\source\repos\weather-data\projektarbetealgoritmerdatastrukturer\projektarbetealgoritmerdatastrukturer\activities.cpp(652): warning C4267: 'initializing': conversion from 'size_t' to 'int', possible loss of data
c:\users\linda\source\repos\weather-data\projektarbetealgoritmerdatastrukturer\projektarbetealgoritmerdatastrukturer\activities.cpp(691): warning C4267: 'initializing': conversion from 'size_t' to 'int', possible loss of data
c:\users\linda\source\repos\weather-data\projektarbetealgoritmerdatastrukturer\projektarbetealgoritmerdatastrukturer\activities.cpp(759): warning C4267: 'initializing': conversion from 'size_t' to 'int', possible loss of data
c:\users\linda\source\repos\weather-data\projektarbetealgoritmerdatastrukturer\projektarbetealgoritmerdatastrukturer\activities.cpp(830): warning C4101: 'check': unreferenced local variable
c:\users\linda\source\repos\weather-data\projektarbetealgoritmerdatastrukturer\projektarbetealgoritmerdatastrukturer\activities.cpp(876): warning C4267: 'initializing': conversion from 'size_t' to 'int', possible loss of data
  Generating code
  1 of 538 functions ( 0.2%) were compiled, the rest were copied from previous compilation.
    0 functions were new in current compilation
    1 functions had inline decision re-evaluated but remain unchanged
  Finished generating code
  ProjektarbeteAlgoritmerDatastrukturer.vcxproj -> C:\Users\Linda\source\repos\weather-data\ProjektarbeteAlgoritmerDatastrukturer\x64\Release\ProjektarbeteAlgoritmerDatastrukturer.exe
